<?xml version="1.0" encoding="UTF-8"?>
<!-- Generated by org.testng.reporters.JUnitReportReporter -->
<testsuite skipped="0" hostname="sintu_pc" name="com.qa.test.Test_gg" tests="1" failures="0" timestamp="29 Apr 2020 19:51:11 GMT" time="0.080" errors="0">
  <testcase name="ww" time="0.080" classname="com.qa.test.Test_gg"/>
</testsuite> <!-- com.qa.test.Test_gg -->
