<?xml version="1.0" encoding="UTF-8"?>
<!-- Generated by org.testng.reporters.JUnitReportReporter -->
<testsuite skipped="0" hostname="sintu_pc" name="com.qa.test.Selenium" tests="2" failures="0" timestamp="29 Apr 2020 19:51:11 GMT" time="0.010" errors="0">
  <testcase name="b" time="0.006" classname="com.qa.test.Selenium"/>
  <testcase name="a" time="0.004" classname="com.qa.test.Selenium"/>
</testsuite> <!-- com.qa.test.Selenium -->
