<?xml version="1.0" encoding="UTF-8"?>
<!-- Generated by org.testng.reporters.JUnitReportReporter -->
<testsuite skipped="0" hostname="sintu_pc" name="com.qa.test.Api$Selenium" tests="2" failures="0" timestamp="29 Apr 2020 19:51:11 GMT" time="0.078" errors="0">
  <testcase name="a" time="0.071" classname="com.qa.test.Api$Selenium"/>
  <testcase name="b" time="0.007" classname="com.qa.test.Api$Selenium"/>
</testsuite> <!-- com.qa.test.Api$Selenium -->
