<?xml version="1.0" encoding="UTF-8"?>
<!-- Generated by org.testng.reporters.JUnitReportReporter -->
<testsuite skipped="0" hostname="sintu_pc" name="abc.Apium$Selenium" tests="2" failures="0" timestamp="28 Apr 2020 19:48:37 GMT" time="0.052" errors="0">
  <testcase name="b" time="0.004" classname="abc.Apium$Selenium"/>
  <testcase name="a" time="0.048" classname="abc.Apium$Selenium"/>
</testsuite> <!-- abc.Apium$Selenium -->
