<?xml version="1.0" encoding="UTF-8"?>
<!-- Generated by org.testng.reporters.JUnitReportReporter -->
<testsuite skipped="0" hostname="sintu_pc" name="com.qa.test.Apium_Test$Selenium" tests="2" failures="0" timestamp="29 Apr 2020 19:51:11 GMT" time="0.034" errors="0">
  <testcase name="a" time="0.023" classname="com.qa.test.Apium_Test$Selenium"/>
  <testcase name="b" time="0.011" classname="com.qa.test.Apium_Test$Selenium"/>
</testsuite> <!-- com.qa.test.Apium_Test$Selenium -->
