<?xml version="1.0" encoding="UTF-8"?>
<!-- Generated by org.testng.reporters.JUnitReportReporter -->
<testsuite skipped="0" hostname="sintu_pc" name="Test_package.Test_abc" tests="1" failures="0" timestamp="2020-05-01T01:47:51 IST" time="0.015" errors="0">
  <testcase name="maiyn" time="0.015" classname="Test_package.Test_abc"/>
  <system-out/>
</testsuite> <!-- Test_package.Test_abc -->
