<?xml version="1.0" encoding="UTF-8"?>
<!-- Generated by org.testng.reporters.JUnitReportReporter -->
<testsuite skipped="0" hostname="sintu_pc" name="com.qa.test.Test_gg" tests="1" failures="0" timestamp="2020-04-30T16:52:14 IST" time="0.001" errors="0">
  <testcase name="ww" time="0.001" classname="com.qa.test.Test_gg"/>
  <system-out/>
</testsuite> <!-- com.qa.test.Test_gg -->
