<?xml version="1.0" encoding="UTF-8"?>
<!-- Generated by org.testng.reporters.JUnitReportReporter -->
<testsuite skipped="0" hostname="sintu_pc" name="abc.Test_fsdf" tests="2" failures="0" timestamp="2020-04-30T01:07:23 IST" time="0.004" errors="0">
  <testcase name="a" time="0.003" classname="abc.Test_fsdf"/>
  <system-out/>
  <testcase name="b" time="0.001" classname="abc.Test_fsdf"/>
  <system-out/>
</testsuite> <!-- abc.Test_fsdf -->
