<?xml version="1.0" encoding="UTF-8"?>
<!-- Generated by org.testng.reporters.JUnitReportReporter -->
<testsuite skipped="0" hostname="sintu_pc" name="com.qa.test.Selenium" tests="2" failures="0" timestamp="2020-04-30T16:52:14 IST" time="0.001" errors="0">
  <testcase name="b" time="0.001" classname="com.qa.test.Selenium"/>
  <system-out/>
  <testcase name="a" time="0.000" classname="com.qa.test.Selenium"/>
  <system-out/>
</testsuite> <!-- com.qa.test.Selenium -->
