<?xml version="1.0" encoding="UTF-8"?>
<!-- Generated by org.testng.reporters.JUnitReportReporter -->
<testsuite skipped="0" hostname="sintu_pc" name="abc.Apium_Test$Selenium" tests="2" failures="0" timestamp="2020-04-30T01:07:23 IST" time="0.023" errors="0">
  <testcase name="a" time="0.022" classname="abc.Apium_Test$Selenium"/>
  <system-out/>
  <testcase name="b" time="0.001" classname="abc.Apium_Test$Selenium"/>
  <system-out/>
</testsuite> <!-- abc.Apium_Test$Selenium -->
