<?xml version="1.0" encoding="UTF-8"?>
<!-- Generated by org.testng.reporters.JUnitReportReporter -->
<testsuite skipped="0" hostname="sintu_pc" name="Automation.Cucumber.AppTest" tests="1" failures="0" timestamp="2020-05-01T01:47:52 IST" time="0.002" errors="0">
  <testcase name="testApp" time="0.002" classname="Automation.Cucumber.AppTest"/>
  <system-out/>
</testsuite> <!-- Automation.Cucumber.AppTest -->
